<?xml version="1.0" encoding="UTF-8"?>
<testng-results ignored="0" total="1" passed="1" failed="0" skipped="0">
  <reporter-output>
  </reporter-output>
  <suite started-at="2020-07-09T04:58:53Z" name="Default suite" finished-at="2020-07-09T04:58:56Z" duration-ms="3170">
    <groups>
    </groups>
    <test started-at="2020-07-09T04:58:53Z" name="Default test" finished-at="2020-07-09T04:58:56Z" duration-ms="3170">
      <class name="reqresAutomation.Reqres_POST_RegisterSuccessful">
        <test-method signature="RegisterSuccessful()[pri:0, instance:reqresAutomation.Reqres_POST_RegisterSuccessful@3a079870]" started-at="2020-07-09T04:58:53Z" name="RegisterSuccessful" finished-at="2020-07-09T04:58:56Z" duration-ms="3148" status="PASS">
          <reporter-output>
          </reporter-output>
        </test-method> <!-- RegisterSuccessful -->
      </class> <!-- reqresAutomation.Reqres_POST_RegisterSuccessful -->
    </test> <!-- Default test -->
  </suite> <!-- Default suite -->
</testng-results>
